{"/Users/mohitkourav/Desktop/My_Ecommerce/myEcommerce/server/controllers/cartController.js": {"path":"/Users/mohitkourav/Desktop/My_Ecommerce/myEcommerce/server/controllers/cartController.js","statementMap":{"0":{"start":{"line":1,"column":13},"end":{"line":1,"column":38}},"1":{"start":{"line":2,"column":13},"end":{"line":2,"column":38}},"2":{"start":{"line":3,"column":15},"end":{"line":3,"column":42}},"3":{"start":{"line":4,"column":21},"end":{"line":4,"column":53}},"4":{"start":{"line":7,"column":23},"end":{"line":34,"column":1}},"5":{"start":{"line":8,"column":17},"end":{"line":11,"column":7}},"6":{"start":{"line":9,"column":18},"end":{"line":9,"column":65}},"7":{"start":{"line":10,"column":4},"end":{"line":10,"column":41}},"8":{"start":{"line":12,"column":23},"end":{"line":12,"column":24}},"9":{"start":{"line":14,"column":2},"end":{"line":24,"column":3}},"10":{"start":{"line":15,"column":4},"end":{"line":23,"column":5}},"11":{"start":{"line":16,"column":21},"end":{"line":16,"column":52}},"12":{"start":{"line":17,"column":6},"end":{"line":19,"column":7}},"13":{"start":{"line":18,"column":8},"end":{"line":18,"column":38}},"14":{"start":{"line":20,"column":6},"end":{"line":20,"column":44}},"15":{"start":{"line":22,"column":6},"end":{"line":22,"column":36}},"16":{"start":{"line":27,"column":2},"end":{"line":27,"column":54}},"17":{"start":{"line":29,"column":19},"end":{"line":29,"column":60}},"18":{"start":{"line":30,"column":14},"end":{"line":30,"column":60}},"19":{"start":{"line":31,"column":16},"end":{"line":31,"column":58}},"20":{"start":{"line":33,"column":2},"end":{"line":33,"column":60}},"21":{"start":{"line":39,"column":16},"end":{"line":62,"column":2}},"22":{"start":{"line":40,"column":13},"end":{"line":41,"column":69}},"23":{"start":{"line":43,"column":2},"end":{"line":45,"column":3}},"24":{"start":{"line":44,"column":4},"end":{"line":44,"column":64}},"25":{"start":{"line":48,"column":2},"end":{"line":50,"column":3}},"26":{"start":{"line":49,"column":4},"end":{"line":49,"column":41}},"27":{"start":{"line":53,"column":17},"end":{"line":53,"column":63}},"28":{"start":{"line":55,"column":2},"end":{"line":61,"column":5}},"29":{"start":{"line":67,"column":18},"end":{"line":118,"column":2}},"30":{"start":{"line":68,"column":35},"end":{"line":68,"column":43}},"31":{"start":{"line":70,"column":15},"end":{"line":70,"column":42}},"32":{"start":{"line":71,"column":2},"end":{"line":74,"column":3}},"33":{"start":{"line":72,"column":4},"end":{"line":72,"column":20}},"34":{"start":{"line":73,"column":4},"end":{"line":73,"column":38}},"35":{"start":{"line":76,"column":2},"end":{"line":79,"column":3}},"36":{"start":{"line":77,"column":4},"end":{"line":77,"column":20}},"37":{"start":{"line":78,"column":4},"end":{"line":78,"column":66}},"38":{"start":{"line":81,"column":13},"end":{"line":81,"column":55}},"39":{"start":{"line":82,"column":2},"end":{"line":84,"column":3}},"40":{"start":{"line":83,"column":4},"end":{"line":83,"column":55}},"41":{"start":{"line":86,"column":28},"end":{"line":86,"column":89}},"42":{"start":{"line":86,"column":57},"end":{"line":86,"column":88}},"43":{"start":{"line":88,"column":2},"end":{"line":106,"column":3}},"44":{"start":{"line":90,"column":19},"end":{"line":90,"column":68}},"45":{"start":{"line":91,"column":4},"end":{"line":94,"column":5}},"46":{"start":{"line":92,"column":6},"end":{"line":92,"column":22}},"47":{"start":{"line":93,"column":6},"end":{"line":93,"column":57}},"48":{"start":{"line":95,"column":4},"end":{"line":98,"column":5}},"49":{"start":{"line":96,"column":6},"end":{"line":96,"column":22}},"50":{"start":{"line":97,"column":6},"end":{"line":97,"column":68}},"51":{"start":{"line":99,"column":4},"end":{"line":99,"column":52}},"52":{"start":{"line":101,"column":4},"end":{"line":105,"column":7}},"53":{"start":{"line":108,"column":2},"end":{"line":108,"column":20}},"54":{"start":{"line":109,"column":2},"end":{"line":109,"column":78}},"55":{"start":{"line":110,"column":2},"end":{"line":110,"column":63}},"56":{"start":{"line":110,"column":26},"end":{"line":110,"column":63}},"57":{"start":{"line":112,"column":17},"end":{"line":112,"column":63}},"58":{"start":{"line":114,"column":2},"end":{"line":117,"column":5}},"59":{"start":{"line":123,"column":23},"end":{"line":161,"column":2}},"60":{"start":{"line":124,"column":23},"end":{"line":124,"column":31}},"61":{"start":{"line":125,"column":17},"end":{"line":125,"column":34}},"62":{"start":{"line":127,"column":2},"end":{"line":130,"column":3}},"63":{"start":{"line":128,"column":4},"end":{"line":128,"column":20}},"64":{"start":{"line":129,"column":4},"end":{"line":129,"column":57}},"65":{"start":{"line":132,"column":15},"end":{"line":132,"column":57}},"66":{"start":{"line":133,"column":2},"end":{"line":136,"column":3}},"67":{"start":{"line":134,"column":4},"end":{"line":134,"column":20}},"68":{"start":{"line":135,"column":4},"end":{"line":135,"column":38}},"69":{"start":{"line":138,"column":15},"end":{"line":138,"column":71}},"70":{"start":{"line":138,"column":39},"end":{"line":138,"column":70}},"71":{"start":{"line":139,"column":2},"end":{"line":142,"column":3}},"72":{"start":{"line":140,"column":4},"end":{"line":140,"column":20}},"73":{"start":{"line":141,"column":4},"end":{"line":141,"column":40}},"74":{"start":{"line":144,"column":15},"end":{"line":144,"column":42}},"75":{"start":{"line":145,"column":2},"end":{"line":148,"column":3}},"76":{"start":{"line":146,"column":4},"end":{"line":146,"column":20}},"77":{"start":{"line":147,"column":4},"end":{"line":147,"column":66}},"78":{"start":{"line":150,"column":2},"end":{"line":150,"column":27}},"79":{"start":{"line":151,"column":2},"end":{"line":151,"column":20}},"80":{"start":{"line":152,"column":2},"end":{"line":152,"column":78}},"81":{"start":{"line":153,"column":2},"end":{"line":153,"column":63}},"82":{"start":{"line":153,"column":26},"end":{"line":153,"column":63}},"83":{"start":{"line":155,"column":17},"end":{"line":155,"column":63}},"84":{"start":{"line":157,"column":2},"end":{"line":160,"column":5}},"85":{"start":{"line":166,"column":23},"end":{"line":184,"column":2}},"86":{"start":{"line":167,"column":15},"end":{"line":167,"column":57}},"87":{"start":{"line":168,"column":2},"end":{"line":171,"column":3}},"88":{"start":{"line":169,"column":4},"end":{"line":169,"column":20}},"89":{"start":{"line":170,"column":4},"end":{"line":170,"column":38}},"90":{"start":{"line":173,"column":2},"end":{"line":173,"column":85}},"91":{"start":{"line":173,"column":41},"end":{"line":173,"column":83}},"92":{"start":{"line":174,"column":2},"end":{"line":174,"column":20}},"93":{"start":{"line":175,"column":2},"end":{"line":175,"column":78}},"94":{"start":{"line":176,"column":2},"end":{"line":176,"column":63}},"95":{"start":{"line":176,"column":26},"end":{"line":176,"column":63}},"96":{"start":{"line":178,"column":17},"end":{"line":178,"column":63}},"97":{"start":{"line":180,"column":2},"end":{"line":183,"column":5}},"98":{"start":{"line":189,"column":18},"end":{"line":198,"column":2}},"99":{"start":{"line":190,"column":15},"end":{"line":190,"column":57}},"100":{"start":{"line":191,"column":2},"end":{"line":195,"column":3}},"101":{"start":{"line":192,"column":4},"end":{"line":192,"column":20}},"102":{"start":{"line":193,"column":4},"end":{"line":193,"column":35}},"103":{"start":{"line":194,"column":4},"end":{"line":194,"column":22}},"104":{"start":{"line":197,"column":2},"end":{"line":197,"column":86}},"105":{"start":{"line":203,"column":20},"end":{"line":245,"column":2}},"106":{"start":{"line":204,"column":19},"end":{"line":204,"column":27}},"107":{"start":{"line":205,"column":17},"end":{"line":205,"column":67}},"108":{"start":{"line":207,"column":2},"end":{"line":210,"column":3}},"109":{"start":{"line":208,"column":4},"end":{"line":208,"column":20}},"110":{"start":{"line":209,"column":4},"end":{"line":209,"column":40}},"111":{"start":{"line":212,"column":2},"end":{"line":215,"column":3}},"112":{"start":{"line":213,"column":4},"end":{"line":213,"column":20}},"113":{"start":{"line":214,"column":4},"end":{"line":214,"column":42}},"114":{"start":{"line":217,"column":2},"end":{"line":220,"column":3}},"115":{"start":{"line":218,"column":4},"end":{"line":218,"column":20}},"116":{"start":{"line":219,"column":4},"end":{"line":219,"column":50}},"117":{"start":{"line":222,"column":15},"end":{"line":222,"column":57}},"118":{"start":{"line":223,"column":2},"end":{"line":226,"column":3}},"119":{"start":{"line":224,"column":4},"end":{"line":224,"column":20}},"120":{"start":{"line":225,"column":4},"end":{"line":225,"column":37}},"121":{"start":{"line":228,"column":17},"end":{"line":228,"column":51}},"122":{"start":{"line":229,"column":2},"end":{"line":232,"column":3}},"123":{"start":{"line":230,"column":4},"end":{"line":230,"column":20}},"124":{"start":{"line":231,"column":4},"end":{"line":231,"column":88}},"125":{"start":{"line":234,"column":2},"end":{"line":234,"column":34}},"126":{"start":{"line":235,"column":2},"end":{"line":235,"column":20}},"127":{"start":{"line":236,"column":2},"end":{"line":236,"column":78}},"128":{"start":{"line":237,"column":2},"end":{"line":237,"column":39}},"129":{"start":{"line":239,"column":22},"end":{"line":239,"column":68}},"130":{"start":{"line":241,"column":2},"end":{"line":244,"column":5}},"131":{"start":{"line":251,"column":21},"end":{"line":267,"column":2}},"132":{"start":{"line":252,"column":15},"end":{"line":252,"column":57}},"133":{"start":{"line":253,"column":2},"end":{"line":263,"column":3}},"134":{"start":{"line":254,"column":4},"end":{"line":254,"column":35}},"135":{"start":{"line":255,"column":4},"end":{"line":255,"column":22}},"136":{"start":{"line":256,"column":4},"end":{"line":256,"column":80}},"137":{"start":{"line":257,"column":19},"end":{"line":257,"column":51}},"138":{"start":{"line":259,"column":4},"end":{"line":262,"column":7}},"139":{"start":{"line":265,"column":2},"end":{"line":265,"column":18}},"140":{"start":{"line":266,"column":2},"end":{"line":266,"column":36}},"141":{"start":{"line":272,"column":21},"end":{"line":278,"column":2}},"142":{"start":{"line":274,"column":15},"end":{"line":274,"column":57}},"143":{"start":{"line":275,"column":16},"end":{"line":275,"column":44}},"144":{"start":{"line":277,"column":2},"end":{"line":277,"column":49}},"145":{"start":{"line":280,"column":0},"end":{"line":290,"column":2}}},"fnMap":{"0":{"name":"(anonymous_0)","decl":{"start":{"line":7,"column":23},"end":{"line":7,"column":24}},"loc":{"start":{"line":7,"column":49},"end":{"line":34,"column":1}},"line":7},"1":{"name":"(anonymous_1)","decl":{"start":{"line":8,"column":30},"end":{"line":8,"column":31}},"loc":{"start":{"line":8,"column":45},"end":{"line":11,"column":3}},"line":8},"2":{"name":"(anonymous_2)","decl":{"start":{"line":39,"column":29},"end":{"line":39,"column":30}},"loc":{"start":{"line":39,"column":49},"end":{"line":62,"column":1}},"line":39},"3":{"name":"(anonymous_3)","decl":{"start":{"line":67,"column":31},"end":{"line":67,"column":32}},"loc":{"start":{"line":67,"column":51},"end":{"line":118,"column":1}},"line":67},"4":{"name":"(anonymous_4)","decl":{"start":{"line":86,"column":49},"end":{"line":86,"column":50}},"loc":{"start":{"line":86,"column":57},"end":{"line":86,"column":88}},"line":86},"5":{"name":"(anonymous_5)","decl":{"start":{"line":123,"column":36},"end":{"line":123,"column":37}},"loc":{"start":{"line":123,"column":56},"end":{"line":161,"column":1}},"line":123},"6":{"name":"(anonymous_6)","decl":{"start":{"line":138,"column":31},"end":{"line":138,"column":32}},"loc":{"start":{"line":138,"column":39},"end":{"line":138,"column":70}},"line":138},"7":{"name":"(anonymous_7)","decl":{"start":{"line":166,"column":36},"end":{"line":166,"column":37}},"loc":{"start":{"line":166,"column":56},"end":{"line":184,"column":1}},"line":166},"8":{"name":"(anonymous_8)","decl":{"start":{"line":173,"column":33},"end":{"line":173,"column":34}},"loc":{"start":{"line":173,"column":41},"end":{"line":173,"column":83}},"line":173},"9":{"name":"(anonymous_9)","decl":{"start":{"line":189,"column":31},"end":{"line":189,"column":32}},"loc":{"start":{"line":189,"column":51},"end":{"line":198,"column":1}},"line":189},"10":{"name":"(anonymous_10)","decl":{"start":{"line":203,"column":33},"end":{"line":203,"column":34}},"loc":{"start":{"line":203,"column":53},"end":{"line":245,"column":1}},"line":203},"11":{"name":"(anonymous_11)","decl":{"start":{"line":251,"column":34},"end":{"line":251,"column":35}},"loc":{"start":{"line":251,"column":54},"end":{"line":267,"column":1}},"line":251},"12":{"name":"(anonymous_12)","decl":{"start":{"line":272,"column":34},"end":{"line":272,"column":35}},"loc":{"start":{"line":272,"column":54},"end":{"line":278,"column":1}},"line":272}},"branchMap":{"0":{"loc":{"start":{"line":7,"column":31},"end":{"line":7,"column":44}},"type":"default-arg","locations":[{"start":{"line":7,"column":40},"end":{"line":7,"column":44}}],"line":7},"1":{"loc":{"start":{"line":9,"column":18},"end":{"line":9,"column":65}},"type":"binary-expr","locations":[{"start":{"line":9,"column":18},"end":{"line":9,"column":28}},{"start":{"line":9,"column":33},"end":{"line":9,"column":64}}],"line":9},"2":{"loc":{"start":{"line":9,"column":33},"end":{"line":9,"column":64}},"type":"cond-expr","locations":[{"start":{"line":9,"column":45},"end":{"line":9,"column":60}},{"start":{"line":9,"column":63},"end":{"line":9,"column":64}}],"line":9},"3":{"loc":{"start":{"line":14,"column":2},"end":{"line":24,"column":3}},"type":"if","locations":[{"start":{"line":14,"column":2},"end":{"line":24,"column":3}},{"start":{},"end":{}}],"line":14},"4":{"loc":{"start":{"line":14,"column":6},"end":{"line":14,"column":48}},"type":"binary-expr","locations":[{"start":{"line":14,"column":6},"end":{"line":14,"column":12}},{"start":{"line":14,"column":16},"end":{"line":14,"column":48}}],"line":14},"5":{"loc":{"start":{"line":15,"column":4},"end":{"line":23,"column":5}},"type":"if","locations":[{"start":{"line":15,"column":4},"end":{"line":23,"column":5}},{"start":{"line":21,"column":11},"end":{"line":23,"column":5}}],"line":15},"6":{"loc":{"start":{"line":17,"column":6},"end":{"line":19,"column":7}},"type":"if","locations":[{"start":{"line":17,"column":6},"end":{"line":19,"column":7}},{"start":{},"end":{}}],"line":17},"7":{"loc":{"start":{"line":17,"column":10},"end":{"line":17,"column":61}},"type":"binary-expr","locations":[{"start":{"line":17,"column":10},"end":{"line":17,"column":28}},{"start":{"line":17,"column":32},"end":{"line":17,"column":61}}],"line":17},"8":{"loc":{"start":{"line":29,"column":19},"end":{"line":29,"column":60}},"type":"cond-expr","locations":[{"start":{"line":29,"column":54},"end":{"line":29,"column":55}},{"start":{"line":29,"column":58},"end":{"line":29,"column":60}}],"line":29},"9":{"loc":{"start":{"line":29,"column":19},"end":{"line":29,"column":51}},"type":"binary-expr","locations":[{"start":{"line":29,"column":19},"end":{"line":29,"column":33}},{"start":{"line":29,"column":37},"end":{"line":29,"column":51}}],"line":29},"10":{"loc":{"start":{"line":43,"column":2},"end":{"line":45,"column":3}},"type":"if","locations":[{"start":{"line":43,"column":2},"end":{"line":45,"column":3}},{"start":{},"end":{}}],"line":43},"11":{"loc":{"start":{"line":48,"column":2},"end":{"line":50,"column":3}},"type":"if","locations":[{"start":{"line":48,"column":2},"end":{"line":50,"column":3}},{"start":{},"end":{}}],"line":48},"12":{"loc":{"start":{"line":68,"column":18},"end":{"line":68,"column":30}},"type":"default-arg","locations":[{"start":{"line":68,"column":29},"end":{"line":68,"column":30}}],"line":68},"13":{"loc":{"start":{"line":71,"column":2},"end":{"line":74,"column":3}},"type":"if","locations":[{"start":{"line":71,"column":2},"end":{"line":74,"column":3}},{"start":{},"end":{}}],"line":71},"14":{"loc":{"start":{"line":76,"column":2},"end":{"line":79,"column":3}},"type":"if","locations":[{"start":{"line":76,"column":2},"end":{"line":79,"column":3}},{"start":{},"end":{}}],"line":76},"15":{"loc":{"start":{"line":82,"column":2},"end":{"line":84,"column":3}},"type":"if","locations":[{"start":{"line":82,"column":2},"end":{"line":84,"column":3}},{"start":{},"end":{}}],"line":82},"16":{"loc":{"start":{"line":88,"column":2},"end":{"line":106,"column":3}},"type":"if","locations":[{"start":{"line":88,"column":2},"end":{"line":106,"column":3}},{"start":{"line":100,"column":9},"end":{"line":106,"column":3}}],"line":88},"17":{"loc":{"start":{"line":91,"column":4},"end":{"line":94,"column":5}},"type":"if","locations":[{"start":{"line":91,"column":4},"end":{"line":94,"column":5}},{"start":{},"end":{}}],"line":91},"18":{"loc":{"start":{"line":95,"column":4},"end":{"line":98,"column":5}},"type":"if","locations":[{"start":{"line":95,"column":4},"end":{"line":98,"column":5}},{"start":{},"end":{}}],"line":95},"19":{"loc":{"start":{"line":110,"column":2},"end":{"line":110,"column":63}},"type":"if","locations":[{"start":{"line":110,"column":2},"end":{"line":110,"column":63}},{"start":{},"end":{}}],"line":110},"20":{"loc":{"start":{"line":127,"column":2},"end":{"line":130,"column":3}},"type":"if","locations":[{"start":{"line":127,"column":2},"end":{"line":130,"column":3}},{"start":{},"end":{}}],"line":127},"21":{"loc":{"start":{"line":127,"column":6},"end":{"line":127,"column":35}},"type":"binary-expr","locations":[{"start":{"line":127,"column":6},"end":{"line":127,"column":18}},{"start":{"line":127,"column":22},"end":{"line":127,"column":35}}],"line":127},"22":{"loc":{"start":{"line":133,"column":2},"end":{"line":136,"column":3}},"type":"if","locations":[{"start":{"line":133,"column":2},"end":{"line":136,"column":3}},{"start":{},"end":{}}],"line":133},"23":{"loc":{"start":{"line":139,"column":2},"end":{"line":142,"column":3}},"type":"if","locations":[{"start":{"line":139,"column":2},"end":{"line":142,"column":3}},{"start":{},"end":{}}],"line":139},"24":{"loc":{"start":{"line":145,"column":2},"end":{"line":148,"column":3}},"type":"if","locations":[{"start":{"line":145,"column":2},"end":{"line":148,"column":3}},{"start":{},"end":{}}],"line":145},"25":{"loc":{"start":{"line":153,"column":2},"end":{"line":153,"column":63}},"type":"if","locations":[{"start":{"line":153,"column":2},"end":{"line":153,"column":63}},{"start":{},"end":{}}],"line":153},"26":{"loc":{"start":{"line":168,"column":2},"end":{"line":171,"column":3}},"type":"if","locations":[{"start":{"line":168,"column":2},"end":{"line":171,"column":3}},{"start":{},"end":{}}],"line":168},"27":{"loc":{"start":{"line":176,"column":2},"end":{"line":176,"column":63}},"type":"if","locations":[{"start":{"line":176,"column":2},"end":{"line":176,"column":63}},{"start":{},"end":{}}],"line":176},"28":{"loc":{"start":{"line":191,"column":2},"end":{"line":195,"column":3}},"type":"if","locations":[{"start":{"line":191,"column":2},"end":{"line":195,"column":3}},{"start":{},"end":{}}],"line":191},"29":{"loc":{"start":{"line":207,"column":2},"end":{"line":210,"column":3}},"type":"if","locations":[{"start":{"line":207,"column":2},"end":{"line":210,"column":3}},{"start":{},"end":{}}],"line":207},"30":{"loc":{"start":{"line":212,"column":2},"end":{"line":215,"column":3}},"type":"if","locations":[{"start":{"line":212,"column":2},"end":{"line":215,"column":3}},{"start":{},"end":{}}],"line":212},"31":{"loc":{"start":{"line":217,"column":2},"end":{"line":220,"column":3}},"type":"if","locations":[{"start":{"line":217,"column":2},"end":{"line":220,"column":3}},{"start":{},"end":{}}],"line":217},"32":{"loc":{"start":{"line":217,"column":6},"end":{"line":217,"column":64}},"type":"binary-expr","locations":[{"start":{"line":217,"column":6},"end":{"line":217,"column":23}},{"start":{"line":217,"column":27},"end":{"line":217,"column":64}}],"line":217},"33":{"loc":{"start":{"line":223,"column":2},"end":{"line":226,"column":3}},"type":"if","locations":[{"start":{"line":223,"column":2},"end":{"line":226,"column":3}},{"start":{},"end":{}}],"line":223},"34":{"loc":{"start":{"line":223,"column":6},"end":{"line":223,"column":38}},"type":"binary-expr","locations":[{"start":{"line":223,"column":6},"end":{"line":223,"column":11}},{"start":{"line":223,"column":15},"end":{"line":223,"column":38}}],"line":223},"35":{"loc":{"start":{"line":229,"column":2},"end":{"line":232,"column":3}},"type":"if","locations":[{"start":{"line":229,"column":2},"end":{"line":232,"column":3}},{"start":{},"end":{}}],"line":229},"36":{"loc":{"start":{"line":253,"column":2},"end":{"line":263,"column":3}},"type":"if","locations":[{"start":{"line":253,"column":2},"end":{"line":263,"column":3}},{"start":{},"end":{}}],"line":253},"37":{"loc":{"start":{"line":275,"column":16},"end":{"line":275,"column":44}},"type":"cond-expr","locations":[{"start":{"line":275,"column":23},"end":{"line":275,"column":40}},{"start":{"line":275,"column":43},"end":{"line":275,"column":44}}],"line":275}},"s":{"0":1,"1":1,"2":1,"3":1,"4":1,"5":8,"6":9,"7":9,"8":8,"9":8,"10":4,"11":2,"12":2,"13":1,"14":2,"15":2,"16":8,"17":8,"18":8,"19":8,"20":8,"21":1,"22":0,"23":0,"24":0,"25":0,"26":0,"27":0,"28":0,"29":1,"30":0,"31":0,"32":0,"33":0,"34":0,"35":0,"36":0,"37":0,"38":0,"39":0,"40":0,"41":0,"42":0,"43":0,"44":0,"45":0,"46":0,"47":0,"48":0,"49":0,"50":0,"51":0,"52":0,"53":0,"54":0,"55":0,"56":0,"57":0,"58":0,"59":1,"60":0,"61":0,"62":0,"63":0,"64":0,"65":0,"66":0,"67":0,"68":0,"69":0,"70":0,"71":0,"72":0,"73":0,"74":0,"75":0,"76":0,"77":0,"78":0,"79":0,"80":0,"81":0,"82":0,"83":0,"84":0,"85":1,"86":0,"87":0,"88":0,"89":0,"90":0,"91":0,"92":0,"93":0,"94":0,"95":0,"96":0,"97":0,"98":1,"99":0,"100":0,"101":0,"102":0,"103":0,"104":0,"105":1,"106":0,"107":0,"108":0,"109":0,"110":0,"111":0,"112":0,"113":0,"114":0,"115":0,"116":0,"117":0,"118":0,"119":0,"120":0,"121":0,"122":0,"123":0,"124":0,"125":0,"126":0,"127":0,"128":0,"129":0,"130":0,"131":1,"132":0,"133":0,"134":0,"135":0,"136":0,"137":0,"138":0,"139":0,"140":0,"141":1,"142":0,"143":0,"144":0,"145":1},"f":{"0":8,"1":9,"2":0,"3":0,"4":0,"5":0,"6":0,"7":0,"8":0,"9":0,"10":0,"11":0,"12":0},"b":{"0":[4],"1":[9,0],"2":[0,0],"3":[4,4],"4":[8,4],"5":[2,2],"6":[1,1],"7":[2,1],"8":[5,3],"9":[8,3],"10":[0,0],"11":[0,0],"12":[0],"13":[0,0],"14":[0,0],"15":[0,0],"16":[0,0],"17":[0,0],"18":[0,0],"19":[0,0],"20":[0,0],"21":[0,0],"22":[0,0],"23":[0,0],"24":[0,0],"25":[0,0],"26":[0,0],"27":[0,0],"28":[0,0],"29":[0,0],"30":[0,0],"31":[0,0],"32":[0,0],"33":[0,0],"34":[0,0],"35":[0,0],"36":[0,0],"37":[0,0]},"_coverageSchema":"1a1c01bbd47fc00a2c39e90264f33305004495a9","hash":"a1d69d7787727dd87055c52984499763c6f9e462"}
,"/Users/mohitkourav/Desktop/My_Ecommerce/myEcommerce/server/models/Book.js": {"path":"/Users/mohitkourav/Desktop/My_Ecommerce/myEcommerce/server/models/Book.js","statementMap":{"0":{"start":{"line":1,"column":17},"end":{"line":1,"column":36}},"1":{"start":{"line":3,"column":19},"end":{"line":174,"column":2}},"2":{"start":{"line":177,"column":0},"end":{"line":185,"column":3}},"3":{"start":{"line":188,"column":0},"end":{"line":188,"column":57}},"4":{"start":{"line":189,"column":0},"end":{"line":189,"column":56}},"5":{"start":{"line":190,"column":0},"end":{"line":190,"column":77}},"6":{"start":{"line":193,"column":0},"end":{"line":208,"column":3}},"7":{"start":{"line":194,"column":2},"end":{"line":201,"column":3}},"8":{"start":{"line":195,"column":4},"end":{"line":200,"column":14}},"9":{"start":{"line":203,"column":2},"end":{"line":203,"column":32}},"10":{"start":{"line":205,"column":2},"end":{"line":207,"column":3}},"11":{"start":{"line":206,"column":4},"end":{"line":206,"column":95}},"12":{"start":{"line":211,"column":0},"end":{"line":215,"column":3}},"13":{"start":{"line":217,"column":0},"end":{"line":217,"column":52}}},"fnMap":{"0":{"name":"(anonymous_0)","decl":{"start":{"line":193,"column":23},"end":{"line":193,"column":24}},"loc":{"start":{"line":193,"column":40},"end":{"line":208,"column":1}},"line":193}},"branchMap":{"0":{"loc":{"start":{"line":194,"column":2},"end":{"line":201,"column":3}},"type":"if","locations":[{"start":{"line":194,"column":2},"end":{"line":201,"column":3}},{"start":{},"end":{}}],"line":194},"1":{"loc":{"start":{"line":194,"column":6},"end":{"line":194,"column":44}},"type":"binary-expr","locations":[{"start":{"line":194,"column":6},"end":{"line":194,"column":30}},{"start":{"line":194,"column":34},"end":{"line":194,"column":44}}],"line":194},"2":{"loc":{"start":{"line":205,"column":2},"end":{"line":207,"column":3}},"type":"if","locations":[{"start":{"line":205,"column":2},"end":{"line":207,"column":3}},{"start":{},"end":{}}],"line":205},"3":{"loc":{"start":{"line":205,"column":6},"end":{"line":205,"column":59}},"type":"binary-expr","locations":[{"start":{"line":205,"column":6},"end":{"line":205,"column":24}},{"start":{"line":205,"column":28},"end":{"line":205,"column":59}}],"line":205}},"s":{"0":4,"1":4,"2":4,"3":4,"4":4,"5":4,"6":4,"7":4,"8":4,"9":4,"10":4,"11":1,"12":4,"13":4},"f":{"0":4},"b":{"0":[4,0],"1":[4,0],"2":[1,3],"3":[4,1]},"_coverageSchema":"1a1c01bbd47fc00a2c39e90264f33305004495a9","hash":"7731b0cc003699fbb8e19e4803a7ea35864268ab"}
,"/Users/mohitkourav/Desktop/My_Ecommerce/myEcommerce/server/models/Cart.js": {"path":"/Users/mohitkourav/Desktop/My_Ecommerce/myEcommerce/server/models/Cart.js","statementMap":{"0":{"start":{"line":1,"column":17},"end":{"line":1,"column":36}},"1":{"start":{"line":3,"column":23},"end":{"line":23,"column":17}},"2":{"start":{"line":25,"column":19},"end":{"line":41,"column":2}},"3":{"start":{"line":45,"column":0},"end":{"line":45,"column":52}}},"fnMap":{},"branchMap":{},"s":{"0":1,"1":1,"2":1,"3":1},"f":{},"b":{},"_coverageSchema":"1a1c01bbd47fc00a2c39e90264f33305004495a9","hash":"b880386fc81d47e4f13bb4b33e252970b29ce064"}
,"/Users/mohitkourav/Desktop/My_Ecommerce/myEcommerce/server/models/Coupon.js": {"path":"/Users/mohitkourav/Desktop/My_Ecommerce/myEcommerce/server/models/Coupon.js","statementMap":{"0":{"start":{"line":1,"column":17},"end":{"line":1,"column":36}},"1":{"start":{"line":3,"column":21},"end":{"line":56,"column":2}},"2":{"start":{"line":59,"column":0},"end":{"line":59,"column":48}},"3":{"start":{"line":62,"column":0},"end":{"line":71,"column":2}},"4":{"start":{"line":63,"column":14},"end":{"line":63,"column":24}},"5":{"start":{"line":64,"column":2},"end":{"line":64,"column":77}},"6":{"start":{"line":64,"column":22},"end":{"line":64,"column":77}},"7":{"start":{"line":65,"column":2},"end":{"line":65,"column":89}},"8":{"start":{"line":65,"column":28},"end":{"line":65,"column":89}},"9":{"start":{"line":66,"column":2},"end":{"line":66,"column":81}},"10":{"start":{"line":66,"column":26},"end":{"line":66,"column":81}},"11":{"start":{"line":67,"column":2},"end":{"line":67,"column":123}},"12":{"start":{"line":67,"column":60},"end":{"line":67,"column":123}},"13":{"start":{"line":68,"column":2},"end":{"line":68,"column":106}},"14":{"start":{"line":68,"column":36},"end":{"line":68,"column":106}},"15":{"start":{"line":69,"column":2},"end":{"line":69,"column":121}},"16":{"start":{"line":69,"column":39},"end":{"line":69,"column":121}},"17":{"start":{"line":70,"column":2},"end":{"line":70,"column":25}},"18":{"start":{"line":74,"column":0},"end":{"line":83,"column":2}},"19":{"start":{"line":75,"column":17},"end":{"line":75,"column":18}},"20":{"start":{"line":76,"column":2},"end":{"line":81,"column":3}},"21":{"start":{"line":77,"column":4},"end":{"line":77,"column":47}},"22":{"start":{"line":78,"column":4},"end":{"line":78,"column":74}},"23":{"start":{"line":78,"column":26},"end":{"line":78,"column":74}},"24":{"start":{"line":80,"column":4},"end":{"line":80,"column":26}},"25":{"start":{"line":82,"column":2},"end":{"line":82,"column":40}},"26":{"start":{"line":85,"column":0},"end":{"line":85,"column":56}}},"fnMap":{"0":{"name":"(anonymous_0)","decl":{"start":{"line":62,"column":31},"end":{"line":62,"column":32}},"loc":{"start":{"line":62,"column":60},"end":{"line":71,"column":1}},"line":62},"1":{"name":"(anonymous_1)","decl":{"start":{"line":74,"column":41},"end":{"line":74,"column":42}},"loc":{"start":{"line":74,"column":62},"end":{"line":83,"column":1}},"line":74}},"branchMap":{"0":{"loc":{"start":{"line":64,"column":2},"end":{"line":64,"column":77}},"type":"if","locations":[{"start":{"line":64,"column":2},"end":{"line":64,"column":77}},{"start":{},"end":{}}],"line":64},"1":{"loc":{"start":{"line":65,"column":2},"end":{"line":65,"column":89}},"type":"if","locations":[{"start":{"line":65,"column":2},"end":{"line":65,"column":89}},{"start":{},"end":{}}],"line":65},"2":{"loc":{"start":{"line":66,"column":2},"end":{"line":66,"column":81}},"type":"if","locations":[{"start":{"line":66,"column":2},"end":{"line":66,"column":81}},{"start":{},"end":{}}],"line":66},"3":{"loc":{"start":{"line":67,"column":2},"end":{"line":67,"column":123}},"type":"if","locations":[{"start":{"line":67,"column":2},"end":{"line":67,"column":123}},{"start":{},"end":{}}],"line":67},"4":{"loc":{"start":{"line":67,"column":6},"end":{"line":67,"column":58}},"type":"binary-expr","locations":[{"start":{"line":67,"column":6},"end":{"line":67,"column":21}},{"start":{"line":67,"column":25},"end":{"line":67,"column":58}}],"line":67},"5":{"loc":{"start":{"line":68,"column":2},"end":{"line":68,"column":106}},"type":"if","locations":[{"start":{"line":68,"column":2},"end":{"line":68,"column":106}},{"start":{},"end":{}}],"line":68},"6":{"loc":{"start":{"line":69,"column":2},"end":{"line":69,"column":121}},"type":"if","locations":[{"start":{"line":69,"column":2},"end":{"line":69,"column":121}},{"start":{},"end":{}}],"line":69},"7":{"loc":{"start":{"line":76,"column":2},"end":{"line":81,"column":3}},"type":"if","locations":[{"start":{"line":76,"column":2},"end":{"line":81,"column":3}},{"start":{"line":79,"column":9},"end":{"line":81,"column":3}}],"line":76},"8":{"loc":{"start":{"line":78,"column":4},"end":{"line":78,"column":74}},"type":"if","locations":[{"start":{"line":78,"column":4},"end":{"line":78,"column":74}},{"start":{},"end":{}}],"line":78}},"s":{"0":4,"1":4,"2":4,"3":4,"4":0,"5":0,"6":0,"7":0,"8":0,"9":0,"10":0,"11":0,"12":0,"13":0,"14":0,"15":0,"16":0,"17":0,"18":4,"19":0,"20":0,"21":0,"22":0,"23":0,"24":0,"25":0,"26":4},"f":{"0":0,"1":0},"b":{"0":[0,0],"1":[0,0],"2":[0,0],"3":[0,0],"4":[0,0],"5":[0,0],"6":[0,0],"7":[0,0],"8":[0,0]},"_coverageSchema":"1a1c01bbd47fc00a2c39e90264f33305004495a9","hash":"4587a15ed5cb8d26f2f389f24429718e8e7056f9"}
,"/Users/mohitkourav/Desktop/My_Ecommerce/myEcommerce/server/models/Order.js": {"path":"/Users/mohitkourav/Desktop/My_Ecommerce/myEcommerce/server/models/Order.js","statementMap":{"0":{"start":{"line":1,"column":17},"end":{"line":1,"column":36}},"1":{"start":{"line":3,"column":24},"end":{"line":14,"column":18}},"2":{"start":{"line":16,"column":28},"end":{"line":20,"column":18}},"3":{"start":{"line":22,"column":20},"end":{"line":96,"column":2}},"4":{"start":{"line":35,"column":22},"end":{"line":35,"column":36}},"5":{"start":{"line":99,"column":0},"end":{"line":99,"column":46}},"6":{"start":{"line":100,"column":0},"end":{"line":100,"column":33}},"7":{"start":{"line":101,"column":0},"end":{"line":101,"column":43}},"8":{"start":{"line":104,"column":0},"end":{"line":119,"column":3}},"9":{"start":{"line":105,"column":2},"end":{"line":109,"column":3}},"10":{"start":{"line":106,"column":17},"end":{"line":106,"column":41}},"11":{"start":{"line":107,"column":23},"end":{"line":107,"column":79}},"12":{"start":{"line":108,"column":4},"end":{"line":108,"column":51}},"13":{"start":{"line":111,"column":2},"end":{"line":113,"column":3}},"14":{"start":{"line":112,"column":4},"end":{"line":112,"column":76}},"15":{"start":{"line":115,"column":2},"end":{"line":118,"column":3}},"16":{"start":{"line":116,"column":4},"end":{"line":116,"column":28}},"17":{"start":{"line":117,"column":4},"end":{"line":117,"column":34}},"18":{"start":{"line":121,"column":0},"end":{"line":121,"column":54}}},"fnMap":{"0":{"name":"(anonymous_0)","decl":{"start":{"line":35,"column":15},"end":{"line":35,"column":16}},"loc":{"start":{"line":35,"column":22},"end":{"line":35,"column":36}},"line":35},"1":{"name":"(anonymous_1)","decl":{"start":{"line":104,"column":24},"end":{"line":104,"column":25}},"loc":{"start":{"line":104,"column":41},"end":{"line":119,"column":1}},"line":104}},"branchMap":{"0":{"loc":{"start":{"line":105,"column":2},"end":{"line":109,"column":3}},"type":"if","locations":[{"start":{"line":105,"column":2},"end":{"line":109,"column":3}},{"start":{},"end":{}}],"line":105},"1":{"loc":{"start":{"line":111,"column":2},"end":{"line":113,"column":3}},"type":"if","locations":[{"start":{"line":111,"column":2},"end":{"line":113,"column":3}},{"start":{},"end":{}}],"line":111},"2":{"loc":{"start":{"line":111,"column":6},"end":{"line":111,"column":45}},"type":"binary-expr","locations":[{"start":{"line":111,"column":6},"end":{"line":111,"column":31}},{"start":{"line":111,"column":35},"end":{"line":111,"column":45}}],"line":111},"3":{"loc":{"start":{"line":115,"column":2},"end":{"line":118,"column":3}},"type":"if","locations":[{"start":{"line":115,"column":2},"end":{"line":118,"column":3}},{"start":{},"end":{}}],"line":115},"4":{"loc":{"start":{"line":115,"column":6},"end":{"line":115,"column":54}},"type":"binary-expr","locations":[{"start":{"line":115,"column":6},"end":{"line":115,"column":33}},{"start":{"line":115,"column":37},"end":{"line":115,"column":54}}],"line":115}},"s":{"0":4,"1":4,"2":4,"3":4,"4":5,"5":4,"6":4,"7":4,"8":4,"9":5,"10":3,"11":3,"12":3,"13":5,"14":5,"15":5,"16":1,"17":1,"18":4},"f":{"0":5,"1":5},"b":{"0":[3,2],"1":[5,0],"2":[5,3],"3":[1,4],"4":[5,1]},"_coverageSchema":"1a1c01bbd47fc00a2c39e90264f33305004495a9","hash":"12502b1f12f6d1ec5b76d5394c785f2e6815148f"}
,"/Users/mohitkourav/Desktop/My_Ecommerce/myEcommerce/server/models/User.js": {"path":"/Users/mohitkourav/Desktop/My_Ecommerce/myEcommerce/server/models/User.js","statementMap":{"0":{"start":{"line":1,"column":17},"end":{"line":1,"column":36}},"1":{"start":{"line":2,"column":15},"end":{"line":2,"column":34}},"2":{"start":{"line":3,"column":15},"end":{"line":3,"column":32}},"3":{"start":{"line":5,"column":22},"end":{"line":16,"column":17}},"4":{"start":{"line":18,"column":19},"end":{"line":80,"column":2}},"5":{"start":{"line":36,"column":27},"end":{"line":36,"column":65}},"6":{"start":{"line":83,"column":0},"end":{"line":87,"column":3}},"7":{"start":{"line":84,"column":2},"end":{"line":84,"column":43}},"8":{"start":{"line":84,"column":36},"end":{"line":84,"column":43}},"9":{"start":{"line":85,"column":15},"end":{"line":85,"column":39}},"10":{"start":{"line":86,"column":2},"end":{"line":86,"column":57}},"11":{"start":{"line":90,"column":0},"end":{"line":92,"column":2}},"12":{"start":{"line":91,"column":2},"end":{"line":91,"column":58}},"13":{"start":{"line":95,"column":0},"end":{"line":100,"column":2}},"14":{"start":{"line":96,"column":21},"end":{"line":96,"column":59}},"15":{"start":{"line":97,"column":2},"end":{"line":97,"column":89}},"16":{"start":{"line":98,"column":2},"end":{"line":98,"column":57}},"17":{"start":{"line":99,"column":2},"end":{"line":99,"column":20}},"18":{"start":{"line":103,"column":0},"end":{"line":107,"column":2}},"19":{"start":{"line":104,"column":22},"end":{"line":104,"column":60}},"20":{"start":{"line":105,"column":2},"end":{"line":105,"column":88}},"21":{"start":{"line":106,"column":2},"end":{"line":106,"column":21}},"22":{"start":{"line":109,"column":0},"end":{"line":109,"column":52}}},"fnMap":{"0":{"name":"(anonymous_0)","decl":{"start":{"line":36,"column":14},"end":{"line":36,"column":15}},"loc":{"start":{"line":36,"column":25},"end":{"line":36,"column":67}},"line":36},"1":{"name":"(anonymous_1)","decl":{"start":{"line":83,"column":23},"end":{"line":83,"column":24}},"loc":{"start":{"line":83,"column":40},"end":{"line":87,"column":1}},"line":83},"2":{"name":"(anonymous_2)","decl":{"start":{"line":90,"column":37},"end":{"line":90,"column":38}},"loc":{"start":{"line":90,"column":71},"end":{"line":92,"column":1}},"line":90},"3":{"name":"(anonymous_3)","decl":{"start":{"line":95,"column":43},"end":{"line":95,"column":44}},"loc":{"start":{"line":95,"column":54},"end":{"line":100,"column":1}},"line":95},"4":{"name":"(anonymous_4)","decl":{"start":{"line":103,"column":41},"end":{"line":103,"column":42}},"loc":{"start":{"line":103,"column":52},"end":{"line":107,"column":1}},"line":103}},"branchMap":{"0":{"loc":{"start":{"line":84,"column":2},"end":{"line":84,"column":43}},"type":"if","locations":[{"start":{"line":84,"column":2},"end":{"line":84,"column":43}},{"start":{},"end":{}}],"line":84}},"s":{"0":4,"1":4,"2":4,"3":4,"4":4,"5":2,"6":4,"7":2,"8":0,"9":2,"10":2,"11":4,"12":1,"13":4,"14":0,"15":0,"16":0,"17":0,"18":4,"19":0,"20":0,"21":0,"22":4},"f":{"0":2,"1":2,"2":1,"3":0,"4":0},"b":{"0":[0,2]},"_coverageSchema":"1a1c01bbd47fc00a2c39e90264f33305004495a9","hash":"a1138a548da524c4686d6a546231f6f2f8180590"}
,"/Users/mohitkourav/Desktop/My_Ecommerce/myEcommerce/server/utils/asyncHandler.js": {"path":"/Users/mohitkourav/Desktop/My_Ecommerce/myEcommerce/server/utils/asyncHandler.js","statementMap":{"0":{"start":{"line":1,"column":21},"end":{"line":3,"column":1}},"1":{"start":{"line":1,"column":29},"end":{"line":3,"column":1}},"2":{"start":{"line":2,"column":2},"end":{"line":2,"column":50}},"3":{"start":{"line":5,"column":0},"end":{"line":5,"column":30}}},"fnMap":{"0":{"name":"(anonymous_0)","decl":{"start":{"line":1,"column":21},"end":{"line":1,"column":22}},"loc":{"start":{"line":1,"column":29},"end":{"line":3,"column":1}},"line":1},"1":{"name":"(anonymous_1)","decl":{"start":{"line":1,"column":29},"end":{"line":1,"column":30}},"loc":{"start":{"line":1,"column":49},"end":{"line":3,"column":1}},"line":1}},"branchMap":{},"s":{"0":1,"1":8,"2":0,"3":1},"f":{"0":8,"1":0},"b":{},"_coverageSchema":"1a1c01bbd47fc00a2c39e90264f33305004495a9","hash":"c9fb3cc11b5af86dbe4fefccdbd096815106efbe"}
,"/Users/mohitkourav/Desktop/My_Ecommerce/myEcommerce/server/utils/generateToken.js": {"path":"/Users/mohitkourav/Desktop/My_Ecommerce/myEcommerce/server/utils/generateToken.js","statementMap":{"0":{"start":{"line":1,"column":12},"end":{"line":1,"column":35}},"1":{"start":{"line":3,"column":28},"end":{"line":7,"column":1}},"2":{"start":{"line":4,"column":2},"end":{"line":6,"column":5}},"3":{"start":{"line":9,"column":29},"end":{"line":13,"column":1}},"4":{"start":{"line":10,"column":2},"end":{"line":12,"column":5}},"5":{"start":{"line":15,"column":19},"end":{"line":37,"column":1}},"6":{"start":{"line":16,"column":22},"end":{"line":16,"column":51}},"7":{"start":{"line":17,"column":23},"end":{"line":17,"column":53}},"8":{"start":{"line":20,"column":2},"end":{"line":26,"column":5}},"9":{"start":{"line":29,"column":18},"end":{"line":29,"column":63}},"10":{"start":{"line":30,"column":2},"end":{"line":30,"column":26}},"11":{"start":{"line":32,"column":2},"end":{"line":36,"column":5}},"12":{"start":{"line":39,"column":0},"end":{"line":39,"column":75}}},"fnMap":{"0":{"name":"(anonymous_0)","decl":{"start":{"line":3,"column":28},"end":{"line":3,"column":29}},"loc":{"start":{"line":3,"column":36},"end":{"line":7,"column":1}},"line":3},"1":{"name":"(anonymous_1)","decl":{"start":{"line":9,"column":29},"end":{"line":9,"column":30}},"loc":{"start":{"line":9,"column":37},"end":{"line":13,"column":1}},"line":9},"2":{"name":"(anonymous_2)","decl":{"start":{"line":15,"column":19},"end":{"line":15,"column":20}},"loc":{"start":{"line":15,"column":52},"end":{"line":37,"column":1}},"line":15}},"branchMap":{"0":{"loc":{"start":{"line":15,"column":31},"end":{"line":15,"column":47}},"type":"default-arg","locations":[{"start":{"line":15,"column":44},"end":{"line":15,"column":47}}],"line":15},"1":{"loc":{"start":{"line":23,"column":14},"end":{"line":23,"column":68}},"type":"cond-expr","locations":[{"start":{"line":23,"column":54},"end":{"line":23,"column":60}},{"start":{"line":23,"column":63},"end":{"line":23,"column":68}}],"line":23},"2":{"loc":{"start":{"line":29,"column":18},"end":{"line":29,"column":63}},"type":"cond-expr","locations":[{"start":{"line":29,"column":34},"end":{"line":29,"column":49}},{"start":{"line":29,"column":52},"end":{"line":29,"column":63}}],"line":29}},"s":{"0":1,"1":1,"2":2,"3":1,"4":1,"5":1,"6":0,"7":0,"8":0,"9":0,"10":0,"11":0,"12":1},"f":{"0":2,"1":1,"2":0},"b":{"0":[0],"1":[0,0],"2":[0,0]},"_coverageSchema":"1a1c01bbd47fc00a2c39e90264f33305004495a9","hash":"f46f9afe0257b0ffb32e3b51e385c0bec42d1049"}
}
