TN:
SF:controllers/cartController.js
FN:7,(anonymous_0)
FN:8,(anonymous_1)
FN:39,(anonymous_2)
FN:67,(anonymous_3)
FN:86,(anonymous_4)
FN:123,(anonymous_5)
FN:138,(anonymous_6)
FN:166,(anonymous_7)
FN:173,(anonymous_8)
FN:189,(anonymous_9)
FN:203,(anonymous_10)
FN:251,(anonymous_11)
FN:272,(anonymous_12)
FNF:13
FNH:2
FNDA:8,(anonymous_0)
FNDA:9,(anonymous_1)
FNDA:0,(anonymous_2)
FNDA:0,(anonymous_3)
FNDA:0,(anonymous_4)
FNDA:0,(anonymous_5)
FNDA:0,(anonymous_6)
FNDA:0,(anonymous_7)
FNDA:0,(anonymous_8)
FNDA:0,(anonymous_9)
FNDA:0,(anonymous_10)
FNDA:0,(anonymous_11)
FNDA:0,(anonymous_12)
DA:1,1
DA:2,1
DA:3,1
DA:4,1
DA:7,1
DA:8,8
DA:9,9
DA:10,9
DA:12,8
DA:14,8
DA:15,4
DA:16,2
DA:17,2
DA:18,1
DA:20,2
DA:22,2
DA:27,8
DA:29,8
DA:30,8
DA:31,8
DA:33,8
DA:39,1
DA:40,0
DA:43,0
DA:44,0
DA:48,0
DA:49,0
DA:53,0
DA:55,0
DA:67,1
DA:68,0
DA:70,0
DA:71,0
DA:72,0
DA:73,0
DA:76,0
DA:77,0
DA:78,0
DA:81,0
DA:82,0
DA:83,0
DA:86,0
DA:88,0
DA:90,0
DA:91,0
DA:92,0
DA:93,0
DA:95,0
DA:96,0
DA:97,0
DA:99,0
DA:101,0
DA:108,0
DA:109,0
DA:110,0
DA:112,0
DA:114,0
DA:123,1
DA:124,0
DA:125,0
DA:127,0
DA:128,0
DA:129,0
DA:132,0
DA:133,0
DA:134,0
DA:135,0
DA:138,0
DA:139,0
DA:140,0
DA:141,0
DA:144,0
DA:145,0
DA:146,0
DA:147,0
DA:150,0
DA:151,0
DA:152,0
DA:153,0
DA:155,0
DA:157,0
DA:166,1
DA:167,0
DA:168,0
DA:169,0
DA:170,0
DA:173,0
DA:174,0
DA:175,0
DA:176,0
DA:178,0
DA:180,0
DA:189,1
DA:190,0
DA:191,0
DA:192,0
DA:193,0
DA:194,0
DA:197,0
DA:203,1
DA:204,0
DA:205,0
DA:207,0
DA:208,0
DA:209,0
DA:212,0
DA:213,0
DA:214,0
DA:217,0
DA:218,0
DA:219,0
DA:222,0
DA:223,0
DA:224,0
DA:225,0
DA:228,0
DA:229,0
DA:230,0
DA:231,0
DA:234,0
DA:235,0
DA:236,0
DA:237,0
DA:239,0
DA:241,0
DA:251,1
DA:252,0
DA:253,0
DA:254,0
DA:255,0
DA:256,0
DA:257,0
DA:259,0
DA:265,0
DA:266,0
DA:272,1
DA:274,0
DA:275,0
DA:277,0
DA:280,1
LF:140
LH:30
BRDA:7,0,0,4
BRDA:9,1,0,9
BRDA:9,1,1,0
BRDA:9,2,0,0
BRDA:9,2,1,0
BRDA:14,3,0,4
BRDA:14,3,1,4
BRDA:14,4,0,8
BRDA:14,4,1,4
BRDA:15,5,0,2
BRDA:15,5,1,2
BRDA:17,6,0,1
BRDA:17,6,1,1
BRDA:17,7,0,2
BRDA:17,7,1,1
BRDA:29,8,0,5
BRDA:29,8,1,3
BRDA:29,9,0,8
BRDA:29,9,1,3
BRDA:43,10,0,0
BRDA:43,10,1,0
BRDA:48,11,0,0
BRDA:48,11,1,0
BRDA:68,12,0,0
BRDA:71,13,0,0
BRDA:71,13,1,0
BRDA:76,14,0,0
BRDA:76,14,1,0
BRDA:82,15,0,0
BRDA:82,15,1,0
BRDA:88,16,0,0
BRDA:88,16,1,0
BRDA:91,17,0,0
BRDA:91,17,1,0
BRDA:95,18,0,0
BRDA:95,18,1,0
BRDA:110,19,0,0
BRDA:110,19,1,0
BRDA:127,20,0,0
BRDA:127,20,1,0
BRDA:127,21,0,0
BRDA:127,21,1,0
BRDA:133,22,0,0
BRDA:133,22,1,0
BRDA:139,23,0,0
BRDA:139,23,1,0
BRDA:145,24,0,0
BRDA:145,24,1,0
BRDA:153,25,0,0
BRDA:153,25,1,0
BRDA:168,26,0,0
BRDA:168,26,1,0
BRDA:176,27,0,0
BRDA:176,27,1,0
BRDA:191,28,0,0
BRDA:191,28,1,0
BRDA:207,29,0,0
BRDA:207,29,1,0
BRDA:212,30,0,0
BRDA:212,30,1,0
BRDA:217,31,0,0
BRDA:217,31,1,0
BRDA:217,32,0,0
BRDA:217,32,1,0
BRDA:223,33,0,0
BRDA:223,33,1,0
BRDA:223,34,0,0
BRDA:223,34,1,0
BRDA:229,35,0,0
BRDA:229,35,1,0
BRDA:253,36,0,0
BRDA:253,36,1,0
BRDA:275,37,0,0
BRDA:275,37,1,0
BRF:74
BRH:16
end_of_record
TN:
SF:models/Book.js
FN:193,(anonymous_0)
FNF:1
FNH:1
FNDA:4,(anonymous_0)
DA:1,4
DA:3,4
DA:177,4
DA:188,4
DA:189,4
DA:190,4
DA:193,4
DA:194,4
DA:195,4
DA:203,4
DA:205,4
DA:206,1
DA:211,4
DA:217,4
LF:14
LH:14
BRDA:194,0,0,4
BRDA:194,0,1,0
BRDA:194,1,0,4
BRDA:194,1,1,0
BRDA:205,2,0,1
BRDA:205,2,1,3
BRDA:205,3,0,4
BRDA:205,3,1,1
BRF:8
BRH:6
end_of_record
TN:
SF:models/Cart.js
FNF:0
FNH:0
DA:1,1
DA:3,1
DA:25,1
DA:45,1
LF:4
LH:4
BRF:0
BRH:0
end_of_record
TN:
SF:models/Coupon.js
FN:62,(anonymous_0)
FN:74,(anonymous_1)
FNF:2
FNH:0
FNDA:0,(anonymous_0)
FNDA:0,(anonymous_1)
DA:1,4
DA:3,4
DA:59,4
DA:62,4
DA:63,0
DA:64,0
DA:65,0
DA:66,0
DA:67,0
DA:68,0
DA:69,0
DA:70,0
DA:74,4
DA:75,0
DA:76,0
DA:77,0
DA:78,0
DA:80,0
DA:82,0
DA:85,4
LF:20
LH:6
BRDA:64,0,0,0
BRDA:64,0,1,0
BRDA:65,1,0,0
BRDA:65,1,1,0
BRDA:66,2,0,0
BRDA:66,2,1,0
BRDA:67,3,0,0
BRDA:67,3,1,0
BRDA:67,4,0,0
BRDA:67,4,1,0
BRDA:68,5,0,0
BRDA:68,5,1,0
BRDA:69,6,0,0
BRDA:69,6,1,0
BRDA:76,7,0,0
BRDA:76,7,1,0
BRDA:78,8,0,0
BRDA:78,8,1,0
BRF:18
BRH:0
end_of_record
TN:
SF:models/Order.js
FN:35,(anonymous_0)
FN:104,(anonymous_1)
FNF:2
FNH:2
FNDA:5,(anonymous_0)
FNDA:5,(anonymous_1)
DA:1,4
DA:3,4
DA:16,4
DA:22,4
DA:35,5
DA:99,4
DA:100,4
DA:101,4
DA:104,4
DA:105,5
DA:106,3
DA:107,3
DA:108,3
DA:111,5
DA:112,5
DA:115,5
DA:116,1
DA:117,1
DA:121,4
LF:19
LH:19
BRDA:105,0,0,3
BRDA:105,0,1,2
BRDA:111,1,0,5
BRDA:111,1,1,0
BRDA:111,2,0,5
BRDA:111,2,1,3
BRDA:115,3,0,1
BRDA:115,3,1,4
BRDA:115,4,0,5
BRDA:115,4,1,1
BRF:10
BRH:9
end_of_record
TN:
SF:models/User.js
FN:36,(anonymous_0)
FN:83,(anonymous_1)
FN:90,(anonymous_2)
FN:95,(anonymous_3)
FN:103,(anonymous_4)
FNF:5
FNH:3
FNDA:2,(anonymous_0)
FNDA:2,(anonymous_1)
FNDA:1,(anonymous_2)
FNDA:0,(anonymous_3)
FNDA:0,(anonymous_4)
DA:1,4
DA:2,4
DA:3,4
DA:5,4
DA:18,4
DA:36,2
DA:83,4
DA:84,2
DA:85,2
DA:86,2
DA:90,4
DA:91,1
DA:95,4
DA:96,0
DA:97,0
DA:98,0
DA:99,0
DA:103,4
DA:104,0
DA:105,0
DA:106,0
DA:109,4
LF:22
LH:15
BRDA:84,0,0,0
BRDA:84,0,1,2
BRF:2
BRH:1
end_of_record
TN:
SF:utils/asyncHandler.js
FN:1,(anonymous_0)
FN:1,(anonymous_1)
FNF:2
FNH:1
FNDA:8,(anonymous_0)
FNDA:0,(anonymous_1)
DA:1,8
DA:2,0
DA:5,1
LF:3
LH:2
BRF:0
BRH:0
end_of_record
TN:
SF:utils/generateToken.js
FN:3,(anonymous_0)
FN:9,(anonymous_1)
FN:15,(anonymous_2)
FNF:3
FNH:2
FNDA:2,(anonymous_0)
FNDA:1,(anonymous_1)
FNDA:0,(anonymous_2)
DA:1,1
DA:3,1
DA:4,2
DA:9,1
DA:10,1
DA:15,1
DA:16,0
DA:17,0
DA:20,0
DA:29,0
DA:30,0
DA:32,0
DA:39,1
LF:13
LH:7
BRDA:15,0,0,0
BRDA:23,1,0,0
BRDA:23,1,1,0
BRDA:29,2,0,0
BRDA:29,2,1,0
BRF:5
BRH:0
end_of_record
